# JRE version: Java(TM) SE Runtime Environment (9.0+11) (build 9.0.1+11)
# Java VM: Java HotSpot(TM) 64-Bit Server VM (9.0.1+11, mixed mode, tiered, compressed oops, g1 gc, linux-amd64)
Heap:
 garbage-first heap   total 281600K, used 122506K [0x00000000c0000000, 0x00000000c0100898, 0x0000000100000000)
  region size 1024K, 17 young (17408K), 7 survivors (7168K)
 Metaspace       used 130878K, capacity 142204K, committed 142516K, reserved 1173504K
  class space    used 14644K, capacity 17788K, committed 17900K, reserved 1048576K
GC Heap History (10 events):
Event: 683,964 GC heap before
{Heap before GC invocations=69 (full 1):
 garbage-first heap   total 281600K, used 242857K [0x00000000c0000000, 0x00000000c0100898, 0x0000000100000000)
  region size 1024K, 143 young (146432K), 8 survivors (8192K)
 Metaspace       used 126872K, capacity 138232K, committed 138548K, reserved 1171456K
  class space    used 14143K, capacity 17199K, committed 17260K, reserved 1048576K
}
Event: 683,996 GC heap after
{Heap after GC invocations=70 (full 1):
 garbage-first heap   total 281600K, used 105322K [0x00000000c0000000, 0x00000000c0100898, 0x0000000100000000)
  region size 1024K, 9 young (9216K), 9 survivors (9216K)
 Metaspace       used 126872K, capacity 138232K, committed 138548K, reserved 1171456K
  class space    used 14143K, capacity 17199K, committed 17260K, reserved 1048576K
}
Event: 707,791 GC heap before
{Heap before GC invocations=70 (full 1):
 garbage-first heap   total 281600K, used 241514K [0x00000000c0000000, 0x00000000c0100898, 0x0000000100000000)
  region size 1024K, 142 young (145408K), 9 survivors (9216K)
 Metaspace       used 126936K, capacity 138296K, committed 138548K, reserved 1171456K
  class space    used 14143K, capacity 17199K, committed 17260K, reserved 1048576K
}
Event: 707,821 GC heap after
{Heap after GC invocations=71 (full 1):
 garbage-first heap   total 281600K, used 103962K [0x00000000c0000000, 0x00000000c0100898, 0x0000000100000000)
  region size 1024K, 7 young (7168K), 7 survivors (7168K)
 Metaspace       used 126936K, capacity 138296K, committed 138548K, reserved 1171456K
  class space    used 14143K, capacity 17199K, committed 17260K, reserved 1048576K
}
Event: 736,949 GC heap before
{Heap before GC invocations=71 (full 1):
 garbage-first heap   total 281600K, used 244250K [0x00000000c0000000, 0x00000000c0100898, 0x0000000100000000)
  region size 1024K, 144 young (147456K), 7 survivors (7168K)
 Metaspace       used 127535K, capacity 138870K, committed 139188K, reserved 1171456K
  class space    used 14242K, capacity 17300K, committed 17388K, reserved 1048576K
}
Event: 736,996 GC heap after
{Heap after GC invocations=72 (full 1):
 garbage-first heap   total 281600K, used 109045K [0x00000000c0000000, 0x00000000c0100898, 0x0000000100000000)
  region size 1024K, 12 young (12288K), 12 survivors (12288K)
 Metaspace       used 127535K, capacity 138870K, committed 139188K, reserved 1171456K
  class space    used 14242K, capacity 17300K, committed 17388K, reserved 1048576K
}
Event: 758,886 GC heap before
{Heap before GC invocations=72 (full 1):
 garbage-first heap   total 281600K, used 239093K [0x00000000c0000000, 0x00000000c0100898, 0x0000000100000000)
  region size 1024K, 139 young (142336K), 12 survivors (12288K)
 Metaspace       used 129599K, capacity 140886K, committed 141108K, reserved 1173504K
  class space    used 14513K, capacity 17666K, committed 17772K, reserved 1048576K
}
Event: 758,930 GC heap after
{Heap after GC invocations=73 (full 1):
 garbage-first heap   total 281600K, used 114909K [0x00000000c0000000, 0x00000000c0100898, 0x0000000100000000)
  region size 1024K, 15 young (15360K), 15 survivors (15360K)
 Metaspace       used 129599K, capacity 140886K, committed 141108K, reserved 1173504K
  class space    used 14513K, capacity 17666K, committed 17772K, reserved 1048576K
}
Event: 772,774 GC heap before
{Heap before GC invocations=73 (full 1):
 garbage-first heap   total 281600K, used 240861K [0x00000000c0000000, 0x00000000c0100898, 0x0000000100000000)
  region size 1024K, 134 young (137216K), 15 survivors (15360K)
 Metaspace       used 130744K, capacity 142012K, committed 142260K, reserved 1173504K
  class space    used 14634K, capacity 17788K, committed 17900K, reserved 1048576K
}
Event: 772,825 GC heap after
{Heap after GC invocations=74 (full 1):
 garbage-first heap   total 281600K, used 113290K [0x00000000c0000000, 0x00000000c0100898, 0x0000000100000000)
  region size 1024K, 7 young (7168K), 7 survivors (7168K)
 Metaspace       used 130744K, capacity 142012K, committed 142260K, reserved 1173504K
  class space    used 14634K, capacity 17788K, committed 17900K, reserved 1048576K
}

